<?xml version="1.0" encoding="UTF-8"?>
<!-- Generated by org.testng.reporters.JUnitXMLReporter -->
<testsuite hostname="DESKTOP-2DH32IK" ignored="0" name="Default test" tests="4" failures="0" timestamp="2020-08-30T18:42:56 COT" time="35.783" errors="0">
  <testcase name="sampleTest" time="0.005" classname="tests.BaseClass"/>
  <testcase name="loginTest" time="8.112" classname="tests.TestA"/>
  <testcase name="testOne" time="6.405" classname="tests.TestA"/>
  <testcase name="testTwo" time="3.674" classname="tests.TestA"/>
</testsuite> <!-- Default test -->
