<?xml version="1.0" encoding="UTF-8"?>
<testng-results skipped="0" failed="0" ignored="0" total="4" passed="4">
  <reporter-output>
  </reporter-output>
  <suite name="Default suite" duration-ms="35783" started-at="2020-08-30T18:42:20 COT" finished-at="2020-08-30T18:42:56 COT">
    <groups>
    </groups>
    <test name="Default test" duration-ms="35783" started-at="2020-08-30T18:42:20 COT" finished-at="2020-08-30T18:42:56 COT">
      <class name="tests.TestA">
        <test-method status="PASS" signature="setup()[pri:0, instance:tests.TestA@33f88ab]" name="setup" is-config="true" duration-ms="17255" started-at="2020-08-30T18:42:20 COT" finished-at="2020-08-30T18:42:37 COT">
          <reporter-output>
          </reporter-output>
        </test-method> <!-- setup -->
        <test-method status="PASS" signature="sampleTest()[pri:0, instance:tests.TestA@33f88ab]" name="sampleTest" duration-ms="5" started-at="2020-08-30T18:42:37 COT" finished-at="2020-08-30T18:42:37 COT">
          <reporter-output>
          </reporter-output>
        </test-method> <!-- sampleTest -->
        <test-method status="PASS" signature="loginTest()[pri:0, instance:tests.TestA@33f88ab]" name="loginTest" duration-ms="8112" started-at="2020-08-30T18:42:37 COT" finished-at="2020-08-30T18:42:45 COT">
          <reporter-output>
          </reporter-output>
        </test-method> <!-- loginTest -->
        <test-method status="PASS" signature="testOne()[pri:0, instance:tests.TestA@33f88ab]" name="testOne" duration-ms="6405" started-at="2020-08-30T18:42:45 COT" finished-at="2020-08-30T18:42:52 COT">
          <reporter-output>
          </reporter-output>
        </test-method> <!-- testOne -->
        <test-method status="PASS" signature="testTwo()[pri:0, instance:tests.TestA@33f88ab]" name="testTwo" duration-ms="3674" started-at="2020-08-30T18:42:52 COT" finished-at="2020-08-30T18:42:56 COT">
          <reporter-output>
          </reporter-output>
        </test-method> <!-- testTwo -->
        <test-method status="PASS" signature="tearDown()[pri:0, instance:tests.TestA@33f88ab]" name="tearDown" is-config="true" duration-ms="278" started-at="2020-08-30T18:42:56 COT" finished-at="2020-08-30T18:42:56 COT">
          <reporter-output>
          </reporter-output>
        </test-method> <!-- tearDown -->
      </class> <!-- tests.TestA -->
    </test> <!-- Default test -->
  </suite> <!-- Default suite -->
</testng-results>
